# JRE version: Java(TM) SE Runtime Environment (8.0_181-b13) (build 1.8.0_181-b13)
# Java VM: Java HotSpot(TM) Client VM (25.181-b13 mixed mode windows-x86 )
Heap:
 def new generation   total 33280K, used 3571K [0x03c00000, 0x06010000, 0x09150000)
  eden space 29632K,   8% used [0x03c00000, 0x03e59e08, 0x058f0000)
  from space 3648K,  31% used [0x058f0000, 0x05a13130, 0x05c80000)
  to   space 3648K,   0% used [0x05c80000, 0x05c80000, 0x06010000)
 tenured generation   total 73800K, used 44844K [0x09150000, 0x0d962000, 0x13c00000)
   the space 73800K,  60% used [0x09150000, 0x0bd1b3e8, 0x0bd1b400, 0x0d962000)
 Metaspace       used 8483K, capacity 8661K, committed 8832K, reserved 9600K
GC Heap History (10 events):
Event: 113.343 GC heap before
{Heap before GC invocations=15 (full 3):
 def new generation   total 33280K, used 30750K [0x03c00000, 0x06010000, 0x09150000)
  eden space 29632K, 100% used [0x03c00000, 0x058f0000, 0x058f0000)
  from space 3648K,  30% used [0x05c80000, 0x05d97910, 0x06010000)
  to   space 3648K,   0% used [0x058f0000, 0x058f0000, 0x05c80000)
 tenured generation   total 73800K, used 44844K [0x09150000, 0x0d962000, 0x13c00000)
   the space 73800K,  60% used [0x09150000, 0x0bd1b3e8, 0x0bd1b400, 0x0d962000)
 Metaspace       used 8474K, capacity 8659K, committed 8832K, reserved 9600K
Event: 113.348 GC heap after
Heap after GC invocations=16 (full 3):
 def new generation   total 33280K, used 1111K [0x03c00000, 0x06010000, 0x09150000)
  eden space 29632K,   0% used [0x03c00000, 0x03c00000, 0x058f0000)
  from space 3648K,  30% used [0x058f0000, 0x05a05f08, 0x05c80000)
  to   space 3648K,   0% used [0x05c80000, 0x05c80000, 0x06010000)
 tenured generation   total 73800K, used 44844K [0x09150000, 0x0d962000, 0x13c00000)
   the space 73800K,  60% used [0x09150000, 0x0bd1b3e8, 0x0bd1b400, 0x0d962000)
 Metaspace       used 8474K, capacity 8659K, committed 8832K, reserved 9600K
}
Event: 166.313 GC heap before
{Heap before GC invocations=16 (full 3):
 def new generation   total 33280K, used 30743K [0x03c00000, 0x06010000, 0x09150000)
  eden space 29632K, 100% used [0x03c00000, 0x058f0000, 0x058f0000)
  from space 3648K,  30% used [0x058f0000, 0x05a05f08, 0x05c80000)
  to   space 3648K,   0% used [0x05c80000, 0x05c80000, 0x06010000)
 tenured generation   total 73800K, used 44844K [0x09150000, 0x0d962000, 0x13c00000)
   the space 73800K,  60% used [0x09150000, 0x0bd1b3e8, 0x0bd1b400, 0x0d962000)
 Metaspace       used 8474K, capacity 8659K, committed 8832K, reserved 9600K
Event: 166.317 GC heap after
Heap after GC invocations=17 (full 3):
 def new generation   total 33280K, used 1111K [0x03c00000, 0x06010000, 0x09150000)
  eden space 29632K,   0% used [0x03c00000, 0x03c00000, 0x058f0000)
  from space 3648K,  30% used [0x05c80000, 0x05d95db8, 0x06010000)
  to   space 3648K,   0% used [0x058f0000, 0x058f0000, 0x05c80000)
 tenured generation   total 73800K, used 44844K [0x09150000, 0x0d962000, 0x13c00000)
   the space 73800K,  60% used [0x09150000, 0x0bd1b3e8, 0x0bd1b400, 0x0d962000)
 Metaspace       used 8474K, capacity 8659K, committed 8832K, reserved 9600K
}
Event: 219.842 GC heap before
{Heap before GC invocations=17 (full 3):
 def new generation   total 33280K, used 30743K [0x03c00000, 0x06010000, 0x09150000)
  eden space 29632K, 100% used [0x03c00000, 0x058f0000, 0x058f0000)
  from space 3648K,  30% used [0x05c80000, 0x05d95db8, 0x06010000)
  to   space 3648K,   0% used [0x058f0000, 0x058f0000, 0x05c80000)
 tenured generation   total 73800K, used 44844K [0x09150000, 0x0d962000, 0x13c00000)
   the space 73800K,  60% used [0x09150000, 0x0bd1b3e8, 0x0bd1b400, 0x0d962000)
 Metaspace       used 8474K, capacity 8659K, committed 8832K, reserved 9600K
Event: 219.847 GC heap after
Heap after GC invocations=18 (full 3):
 def new generation   total 33280K, used 1112K [0x03c00000, 0x06010000, 0x09150000)
  eden space 29632K,   0% used [0x03c00000, 0x03c00000, 0x058f0000)
  from space 3648K,  30% used [0x058f0000, 0x05a06038, 0x05c80000)
  to   space 3648K,   0% used [0x05c80000, 0x05c80000, 0x06010000)
 tenured generation   total 73800K, used 44844K [0x09150000, 0x0d962000, 0x13c00000)
   the space 73800K,  60% used [0x09150000, 0x0bd1b3e8, 0x0bd1b400, 0x0d962000)
 Metaspace       used 8474K, capacity 8659K, committed 8832K, reserved 9600K
}
Event: 273.633 GC heap before
{Heap before GC invocations=18 (full 3):
 def new generation   total 33280K, used 30744K [0x03c00000, 0x06010000, 0x09150000)
  eden space 29632K, 100% used [0x03c00000, 0x058f0000, 0x058f0000)
  from space 3648K,  30% used [0x058f0000, 0x05a06038, 0x05c80000)
  to   space 3648K,   0% used [0x05c80000, 0x05c80000, 0x06010000)
 tenured generation   total 73800K, used 44844K [0x09150000, 0x0d962000, 0x13c00000)
   the space 73800K,  60% used [0x09150000, 0x0bd1b3e8, 0x0bd1b400, 0x0d962000)
 Metaspace       used 8480K, capacity 8659K, committed 8832K, reserved 9600K
Event: 273.638 GC heap after
Heap after GC invocations=19 (full 3):
 def new generation   total 33280K, used 1170K [0x03c00000, 0x06010000, 0x09150000)
  eden space 29632K,   0% used [0x03c00000, 0x03c00000, 0x058f0000)
  from space 3648K,  32% used [0x05c80000, 0x05da4aa8, 0x06010000)
  to   space 3648K,   0% used [0x058f0000, 0x058f0000, 0x05c80000)
 tenured generation   total 73800K, used 44844K [0x09150000, 0x0d962000, 0x13c00000)
   the space 73800K,  60% used [0x09150000, 0x0bd1b3e8, 0x0bd1b400, 0x0d962000)
 Metaspace       used 8480K, capacity 8659K, committed 8832K, reserved 9600K
}
Event: 328.631 GC heap before
{Heap before GC invocations=19 (full 3):
 def new generation   total 33280K, used 30802K [0x03c00000, 0x06010000, 0x09150000)
  eden space 29632K, 100% used [0x03c00000, 0x058f0000, 0x058f0000)
  from space 3648K,  32% used [0x05c80000, 0x05da4aa8, 0x06010000)
  to   space 3648K,   0% used [0x058f0000, 0x058f0000, 0x05c80000)
 tenured generation   total 73800K, used 44844K [0x09150000, 0x0d962000, 0x13c00000)
   the space 73800K,  60% used [0x09150000, 0x0bd1b3e8, 0x0bd1b400, 0x0d962000)
 Metaspace       used 8483K, capacity 8661K, committed 8832K, reserved 9600K
Event: 328.636 GC heap after
Heap after GC invocations=20 (full 3):
 def new generation   total 33280K, used 1164K [0x03c00000, 0x06010000, 0x09150000)
  eden space 29632K,   0% used [0x03c00000, 0x03c00000, 0x058f0000)
  from space 3648K,  31% used [0x058f0000, 0x05a13130, 0x05c80000)
  to   space 3648K,   0% used [0x05c80000, 0x05c80000, 0x06010000)
 tenured generation   total 73800K, used 44844K [0x09150000, 0x0d962000, 0x13c00000)
   the space 73800K,  60% used [0x09150000, 0x0bd1b3e8, 0x0bd1b400, 0x0d962000)
 Metaspace       used 8483K, capacity 8661K, committed 8832K, reserved 9600K
}

